<?xml version="1.0" encoding="UTF-8"?>
<!-- Generated by org.testng.reporters.JUnitReportReporter -->
<testsuite hostname="Administrator" failures="0" tests="1" name="tests.DeleteUser" time="1.363" errors="0" timestamp="2025-06-21T23:15:35 CEST" skipped="0">
  <testcase classname="tests.DeleteUser" name="testGetAllProductsList" time="1.363"/>
</testsuite> <!-- tests.DeleteUser -->
