<?xml version="1.0" encoding="UTF-8"?>
<!-- Generated by org.testng.reporters.JUnitReportReporter -->
<testsuite hostname="Administrator" failures="0" tests="1" name="tests.SuccessfulRegister" time="1.561" errors="0" timestamp="2025-06-21T23:19:52 CEST" skipped="0">
  <testcase classname="tests.SuccessfulRegister" name="testGetAllProductsList" time="1.561"/>
</testsuite> <!-- tests.SuccessfulRegister -->
