<?xml version="1.0" encoding="UTF-8"?>
<!-- Generated by org.testng.reporters.JUnitReportReporter -->
<testsuite hostname="Administrator" failures="0" tests="1" name="tests.UpdateUserWithPatch" time="1.613" errors="0" timestamp="2025-06-21T23:14:11 CEST" skipped="0">
  <testcase classname="tests.UpdateUserWithPatch" name="testGetAllProductsList" time="1.613"/>
</testsuite> <!-- tests.UpdateUserWithPatch -->
