<?xml version="1.0" encoding="UTF-8"?>
<!-- Generated by org.testng.reporters.JUnitReportReporter -->
<testsuite hostname="Administrator" failures="0" tests="1" name="tests.GetSingleUserNotFound" time="1.321" errors="0" timestamp="2025-06-21T23:00:16 CEST" skipped="0">
  <testcase classname="tests.GetSingleUserNotFound" name="testGetAllProductsList" time="1.321"/>
</testsuite> <!-- tests.GetSingleUserNotFound -->
