<?xml version="1.0" encoding="UTF-8"?>
<!-- Generated by org.testng.reporters.JUnitReportReporter -->
<testsuite hostname="Administrator" failures="0" tests="1" name="tests.UnsuccessfulLogin" time="1.605" errors="0" timestamp="2025-06-21T23:23:34 CEST" skipped="0">
  <testcase classname="tests.UnsuccessfulLogin" name="testGetAllProductsList" time="1.605"/>
</testsuite> <!-- tests.UnsuccessfulLogin -->
