<?xml version="1.0" encoding="UTF-8"?>
<!-- Generated by org.testng.reporters.JUnitReportReporter -->
<testsuite hostname="Administrator" failures="0" tests="2" name="tests.GetAndPostExamples" time="1.917" errors="0" timestamp="2025-06-21T07:41:42 CEST" skipped="0">
  <testcase classname="tests.GetAndPostExamples" name="testPost" time="0.149"/>
  <testcase classname="tests.GetAndPostExamples" name="testGet" time="1.768"/>
</testsuite> <!-- tests.GetAndPostExamples -->
