<?xml version="1.0" encoding="UTF-8"?>
<!-- Generated by org.testng.reporters.JUnitReportReporter -->
<testsuite hostname="Administrator" failures="0" tests="1" name="tests.GetSingleUser" time="1.439" errors="0" timestamp="2025-06-21T22:58:46 CEST" skipped="0">
  <testcase classname="tests.GetSingleUser" name="testGetAllProductsList" time="1.439"/>
</testsuite> <!-- tests.GetSingleUser -->
