<?xml version="1.0" encoding="UTF-8"?>
<!-- Generated by org.testng.reporters.JUnitReportReporter -->
<testsuite hostname="Administrator" failures="0" tests="1" name="tests.GetAllProductsList" time="1.355" errors="0" timestamp="2025-06-21T22:58:13 CEST" skipped="0">
  <testcase classname="tests.GetAllProductsList" name="testGetAllProductsList" time="1.355"/>
</testsuite> <!-- tests.GetAllProductsList -->
