<?xml version="1.0" encoding="UTF-8"?>
<!-- Generated by org.testng.reporters.JUnitReportReporter -->
<testsuite hostname="Administrator" failures="0" tests="1" name="tests.UpdateUserWithPut" time="1.583" errors="0" timestamp="2025-06-21T23:13:31 CEST" skipped="0">
  <testcase classname="tests.UpdateUserWithPut" name="testGetAllProductsList" time="1.583"/>
</testsuite> <!-- tests.UpdateUserWithPut -->
