<?xml version="1.0" encoding="UTF-8"?>
<!-- Generated by org.testng.reporters.JUnitReportReporter -->
<testsuite hostname="Administrator" failures="0" tests="1" name="tests.UnsuccessfulRegister" time="1.632" errors="0" timestamp="2025-06-21T23:20:53 CEST" skipped="0">
  <testcase classname="tests.UnsuccessfulRegister" name="testGetAllProductsList" time="1.632"/>
</testsuite> <!-- tests.UnsuccessfulRegister -->
