<?xml version="1.0" encoding="UTF-8"?>
<!-- Generated by org.testng.reporters.JUnitReportReporter -->
<testsuite hostname="Administrator" failures="0" tests="1" name="tests.CreateUser" time="1.604" errors="0" timestamp="2025-06-21T23:11:25 CEST" skipped="0">
  <testcase classname="tests.CreateUser" name="testGetAllProductsList" time="1.604"/>
</testsuite> <!-- tests.CreateUser -->
