<?xml version="1.0" encoding="UTF-8"?>
<!-- Generated by org.testng.reporters.JUnitReportReporter -->
<testsuite hostname="Administrator" failures="0" tests="3" name="tests.PutAndPatchAndDeleteExamples" time="1.802" errors="0" timestamp="2025-06-21T21:29:51 CEST" skipped="0">
  <testcase classname="tests.PutAndPatchAndDeleteExamples" name="testPut" time="0.142"/>
  <testcase classname="tests.PutAndPatchAndDeleteExamples" name="testDelete" time="1.463"/>
  <testcase classname="tests.PutAndPatchAndDeleteExamples" name="testPatch" time="0.197"/>
</testsuite> <!-- tests.PutAndPatchAndDeleteExamples -->
