<?xml version="1.0" encoding="UTF-8"?>
<!-- Generated by org.testng.reporters.JUnitReportReporter -->
<testsuite hostname="Administrator" failures="0" tests="1" name="tests.SuccessfulLogin" time="1.599" errors="0" timestamp="2025-06-21T23:22:48 CEST" skipped="0">
  <testcase classname="tests.SuccessfulLogin" name="testGetAllProductsList" time="1.599"/>
</testsuite> <!-- tests.SuccessfulLogin -->
