<?xml version="1.0" encoding="UTF-8"?>
<!-- Generated by org.testng.reporters.JUnitReportReporter -->
<testsuite hostname="Administrator" failures="0" tests="2" name="tests.TestGetAllUsers" time="2.464" errors="0" timestamp="2025-06-20T22:04:55 CEST" skipped="0">
  <testcase classname="tests.TestGetAllUsers" name="test1" time="2.366"/>
  <testcase classname="tests.TestGetAllUsers" name="testGetAPI" time="0.098"/>
</testsuite> <!-- tests.TestGetAllUsers -->
